<?xml version="1.0" encoding="UTF-8"?>
<!-- Generated by org.testng.reporters.JUnitXMLReporter -->
<testsuite ignored="0" hostname="KESHAV-AC0275" failures="1" tests="4" name="ChromeTest" time="47.758" errors="0" timestamp="2025-06-25T14:30:17 IST">
  <testcase classname="testngsuite.VendorTests" name="testCountrySelection" time="0.848"/>
  <testcase classname="testngsuite.VendorTests" name="testVendorSectionNavigation" time="24.944">
    <failure type="java.lang.AssertionError" message="Vendor navigation failed: Expected condition failed: waiting for presence of any elements located by By.cssSelector: .Vendor_vendorComponentContainer__X65Vl (tried for 15 second(s) with 500 milliseconds interval)
Build info: version: &amp;apos;4.14.0&amp;apos;, revision: &amp;apos;e5a96349ce&amp;apos;
System info: os.name: &amp;apos;Windows 11&amp;apos;, os.arch: &amp;apos;amd64&amp;apos;, os.version: &amp;apos;10.0&amp;apos;, java.version: &amp;apos;21.0.7&amp;apos;
Driver info: org.openqa.selenium.remote.RemoteWebDriver
Capabilities {acceptInsecureCerts: false, browserName: chrome, browserVersion: 137.0.7151.120, chrome: {chromedriverVersion: 137.0.7151.119 (e0ac9d12dff..., userDataDir: /tmp/profile-bdbae355-bc42-...}, fedcm:accounts: true, goog:chromeOptions: {debuggerAddress: localhost:63572}, networkConnectionEnabled: false, pageLoadStrategy: normal, platformName: Windows 11, proxy: Proxy(), se:bidiEnabled: false, se:cdp: ws://10.0.161.126:4444/sess..., se:cdpVersion: 137.0.7151.120, setWindowRect: true, strictFileInteractability: false, timeouts: {implicit: 0, pageLoad: 300000, script: 30000}, unhandledPromptBehavior: dismiss and notify, webauthn:extension:credBlob: true, webauthn:extension:largeBlob: true, webauthn:extension:minPinLength: true, webauthn:extension:prf: true, webauthn:virtualAuthenticators: true}
Session ID: 341a141af675b6c2c887d99bce667d0e">
      <![CDATA[java.lang.AssertionError: Vendor navigation failed: Expected condition failed: waiting for presence of any elements located by By.cssSelector: .Vendor_vendorComponentContainer__X65Vl (tried for 15 second(s) with 500 milliseconds interval)
Build info: version: '4.14.0', revision: 'e5a96349ce'
System info: os.name: 'Windows 11', os.arch: 'amd64', os.version: '10.0', java.version: '21.0.7'
Driver info: org.openqa.selenium.remote.RemoteWebDriver
Capabilities {acceptInsecureCerts: false, browserName: chrome, browserVersion: 137.0.7151.120, chrome: {chromedriverVersion: 137.0.7151.119 (e0ac9d12dff..., userDataDir: /tmp/profile-bdbae355-bc42-...}, fedcm:accounts: true, goog:chromeOptions: {debuggerAddress: localhost:63572}, networkConnectionEnabled: false, pageLoadStrategy: normal, platformName: Windows 11, proxy: Proxy(), se:bidiEnabled: false, se:cdp: ws://10.0.161.126:4444/sess..., se:cdpVersion: 137.0.7151.120, setWindowRect: true, strictFileInteractability: false, timeouts: {implicit: 0, pageLoad: 300000, script: 30000}, unhandledPromptBehavior: dismiss and notify, webauthn:extension:credBlob: true, webauthn:extension:largeBlob: true, webauthn:extension:minPinLength: true, webauthn:extension:prf: true, webauthn:virtualAuthenticators: true}
Session ID: 341a141af675b6c2c887d99bce667d0e
at testngsuite.VendorTests.testVendorSectionNavigation(VendorTests.java:126)
at java.base/java.util.ArrayList.forEach(ArrayList.java:1596)
at java.base/java.util.concurrent.FutureTask.run(FutureTask.java:317)
at java.base/java.util.concurrent.ThreadPoolExecutor.runWorker(ThreadPoolExecutor.java:1144)
at java.base/java.util.concurrent.ThreadPoolExecutor$Worker.run(ThreadPoolExecutor.java:642)
at java.base/java.lang.Thread.run(Thread.java:1583)
... Removed 16 stack frames]]>
    </failure>
  </testcase> <!-- testVendorSectionNavigation -->
  <testcase classname="testngsuite.VendorTests" name="testVendorExtraction" time="0.0">
    <skipped/>
  </testcase> <!-- testVendorExtraction -->
  <testcase classname="testngsuite.VendorTests" name="testCsvFileGenerated" time="0.0">
    <skipped/>
  </testcase> <!-- testCsvFileGenerated -->
</testsuite> <!-- ChromeTest -->
