<?xml version="1.0" encoding="UTF-8"?>
<!-- Generated by org.testng.reporters.JUnitXMLReporter -->
<testsuite ignored="10" hostname="KESHAV-AC0275" failures="1" tests="1" name="Run Single Test" time="67.789" errors="0" timestamp="2025-07-01T11:42:39 IST">
  <testcase classname="testngsuite.HobbyClubTest" name="testPostAudioBuzz" time="6.75">
    <failure type="java.lang.AssertionError" message="❌ Failed to post audio: invalid argument: File not found : C:\Users\Keshav Srivastava\eclipse-workspace\testing\src\test\resources\sample_audio.mp3
  (Session info: chrome=138.0.7204.50)
Build info: version: &amp;apos;4.14.0&amp;apos;, revision: &amp;apos;e5a96349ce&amp;apos;
System info: os.name: &amp;apos;Windows 11&amp;apos;, os.arch: &amp;apos;amd64&amp;apos;, os.version: &amp;apos;10.0&amp;apos;, java.version: &amp;apos;21.0.7&amp;apos;
Driver info: org.openqa.selenium.remote.RemoteWebDriver
Command: [83c367ff2da115eb5b4698a00f54fa08, sendKeysToElement {id=f.14929B4F96F328F8DEBD0225D26FA776.d.660EBCE6B22FBD44DB309105427906E8.e.212, value=[Ljava.lang.CharSequence;@57c47a9e}]
Capabilities {acceptInsecureCerts: false, browserName: chrome, browserVersion: 138.0.7204.50, chrome: {chromedriverVersion: 138.0.7204.50 (0d4712a3edf9..., userDataDir: C:\Windows\SystemTemp\scope...}, fedcm:accounts: true, goog:chromeOptions: {debuggerAddress: localhost:9225}, networkConnectionEnabled: false, pageLoadStrategy: normal, platformName: windows, proxy: Proxy(), setWindowRect: true, strictFileInteractability: false, timeouts: {implicit: 0, pageLoad: 300000, script: 30000}, unhandledPromptBehavior: dismiss and notify, webauthn:extension:credBlob: true, webauthn:extension:largeBlob: true, webauthn:extension:minPinLength: true, webauthn:extension:prf: true, webauthn:virtualAuthenticators: true}
Element: [[RemoteWebDriver: chrome on windows (83c367ff2da115eb5b4698a00f54fa08)] -&amp;gt; css selector: input[type=&amp;apos;file&amp;apos;]]
Session ID: 83c367ff2da115eb5b4698a00f54fa08">
      <![CDATA[java.lang.AssertionError: ❌ Failed to post audio: invalid argument: File not found : C:\Users\Keshav Srivastava\eclipse-workspace\testing\src\test\resources\sample_audio.mp3
  (Session info: chrome=138.0.7204.50)
Build info: version: '4.14.0', revision: 'e5a96349ce'
System info: os.name: 'Windows 11', os.arch: 'amd64', os.version: '10.0', java.version: '21.0.7'
Driver info: org.openqa.selenium.remote.RemoteWebDriver
Command: [83c367ff2da115eb5b4698a00f54fa08, sendKeysToElement {id=f.14929B4F96F328F8DEBD0225D26FA776.d.660EBCE6B22FBD44DB309105427906E8.e.212, value=[Ljava.lang.CharSequence;@57c47a9e}]
Capabilities {acceptInsecureCerts: false, browserName: chrome, browserVersion: 138.0.7204.50, chrome: {chromedriverVersion: 138.0.7204.50 (0d4712a3edf9..., userDataDir: C:\Windows\SystemTemp\scope...}, fedcm:accounts: true, goog:chromeOptions: {debuggerAddress: localhost:9225}, networkConnectionEnabled: false, pageLoadStrategy: normal, platformName: windows, proxy: Proxy(), setWindowRect: true, strictFileInteractability: false, timeouts: {implicit: 0, pageLoad: 300000, script: 30000}, unhandledPromptBehavior: dismiss and notify, webauthn:extension:credBlob: true, webauthn:extension:largeBlob: true, webauthn:extension:minPinLength: true, webauthn:extension:prf: true, webauthn:virtualAuthenticators: true}
Element: [[RemoteWebDriver: chrome on windows (83c367ff2da115eb5b4698a00f54fa08)] -> css selector: input[type='file']]
Session ID: 83c367ff2da115eb5b4698a00f54fa08
at pages.HobbyClubPage.postAudioOnly(HobbyClubPage.java:291)
at testngsuite.HobbyClubTest.testPostAudioBuzz(HobbyClubTest.java:120)
at java.base/java.util.ArrayList.forEach(ArrayList.java:1596)
... Removed 26 stack frames]]>
    </failure>
  </testcase> <!-- testPostAudioBuzz -->
  <testcase classname="testngsuite.HobbyClubTest" name="testDeleteBuzzPost" time="0.0">
    <ignored/>
  </testcase> <!-- testDeleteBuzzPost -->
  <testcase classname="testngsuite.HobbyClubTest" name="testVerifyClubListingAndDetailMatch" time="0.0">
    <ignored/>
  </testcase> <!-- testVerifyClubListingAndDetailMatch -->
  <testcase classname="testngsuite.HobbyClubTest" name="testSearchAndValidateLukeCooperCardVisible" time="0.0">
    <ignored/>
  </testcase> <!-- testSearchAndValidateLukeCooperCardVisible -->
  <testcase classname="testngsuite.HobbyClubTest" name="testPostBuzzAndClickLike" time="0.0">
    <ignored/>
  </testcase> <!-- testPostBuzzAndClickLike -->
  <testcase classname="testngsuite.HobbyClubTest" name="testPostBuzzAndComment" time="0.0">
    <ignored/>
  </testcase> <!-- testPostBuzzAndComment -->
  <testcase classname="testngsuite.HobbyClubTest" name="testJoinAndLeaveClub" time="0.0">
    <ignored/>
  </testcase> <!-- testJoinAndLeaveClub -->
  <testcase classname="testngsuite.HobbyClubTest" name="testCommentAndDeleteExistingPost" time="0.0">
    <ignored/>
  </testcase> <!-- testCommentAndDeleteExistingPost -->
  <testcase classname="testngsuite.HobbyClubTest" name="testPostBuzzInFirstClub" time="0.0">
    <ignored/>
  </testcase> <!-- testPostBuzzInFirstClub -->
  <testcase classname="testngsuite.HobbyClubTest" name="testPostVideoBuzz" time="0.0">
    <ignored/>
  </testcase> <!-- testPostVideoBuzz -->
  <testcase classname="testngsuite.HobbyClubTest" name="testVerifyMemberCounts" time="0.0">
    <ignored/>
  </testcase> <!-- testVerifyMemberCounts -->
</testsuite> <!-- Run Single Test -->
