<?xml version="1.0" encoding="UTF-8"?>
<!-- Generated by org.testng.reporters.JUnitXMLReporter -->
<testsuite ignored="0" hostname="KESHAV-AC0275" failures="0" tests="11" name="All Hobby Club Tests" time="10.146" errors="0" timestamp="2025-06-30T16:34:09 IST">
  <testcase classname="testngsuite.HobbyClubTest" name="@BeforeClass setUp" time="9.755">
    <failure type="org.openqa.selenium.NoSuchSessionException" message="invalid session id: session deleted as the browser has closed the connection
from disconnected: unable to send message to renderer
  (Session info: chrome=137.0.7151.120)
Build info: version: &amp;apos;4.14.0&amp;apos;, revision: &amp;apos;e5a96349ce&amp;apos;
System info: os.name: &amp;apos;Windows 11&amp;apos;, os.arch: &amp;apos;amd64&amp;apos;, os.version: &amp;apos;10.0&amp;apos;, java.version: &amp;apos;21.0.7&amp;apos;
Driver info: org.openqa.selenium.chrome.ChromeDriver
Command: [682f456082d9ec0f9fa40e14def114f6, findElement {using=name, value=email}]
Capabilities {acceptInsecureCerts: false, browserName: chrome, browserVersion: 137.0.7151.120, chrome: {chromedriverVersion: 137.0.7151.119 (e0ac9d12dff..., userDataDir: C:\Users\KESHAV~1\AppData\L...}, fedcm:accounts: true, goog:chromeOptions: {debuggerAddress: localhost:53593}, networkConnectionEnabled: false, pageLoadStrategy: normal, platformName: windows, proxy: Proxy(), se:cdp: ws://localhost:53593/devtoo..., se:cdpVersion: 137.0.7151.120, setWindowRect: true, strictFileInteractability: false, timeouts: {implicit: 0, pageLoad: 300000, script: 30000}, unhandledPromptBehavior: dismiss and notify, webauthn:extension:credBlob: true, webauthn:extension:largeBlob: true, webauthn:extension:minPinLength: true, webauthn:extension:prf: true, webauthn:virtualAuthenticators: true}
Session ID: 682f456082d9ec0f9fa40e14def114f6">
      <![CDATA[org.openqa.selenium.NoSuchSessionException: invalid session id: session deleted as the browser has closed the connection
from disconnected: unable to send message to renderer
  (Session info: chrome=137.0.7151.120)
Build info: version: '4.14.0', revision: 'e5a96349ce'
System info: os.name: 'Windows 11', os.arch: 'amd64', os.version: '10.0', java.version: '21.0.7'
Driver info: org.openqa.selenium.chrome.ChromeDriver
Command: [682f456082d9ec0f9fa40e14def114f6, findElement {using=name, value=email}]
Capabilities {acceptInsecureCerts: false, browserName: chrome, browserVersion: 137.0.7151.120, chrome: {chromedriverVersion: 137.0.7151.119 (e0ac9d12dff..., userDataDir: C:\Users\KESHAV~1\AppData\L...}, fedcm:accounts: true, goog:chromeOptions: {debuggerAddress: localhost:53593}, networkConnectionEnabled: false, pageLoadStrategy: normal, platformName: windows, proxy: Proxy(), se:cdp: ws://localhost:53593/devtoo..., se:cdpVersion: 137.0.7151.120, setWindowRect: true, strictFileInteractability: false, timeouts: {implicit: 0, pageLoad: 300000, script: 30000}, unhandledPromptBehavior: dismiss and notify, webauthn:extension:credBlob: true, webauthn:extension:largeBlob: true, webauthn:extension:minPinLength: true, webauthn:extension:prf: true, webauthn:virtualAuthenticators: true}
Session ID: 682f456082d9ec0f9fa40e14def114f6
at org.openqa.selenium.remote.codec.w3c.W3CHttpResponseCodec.createException(W3CHttpResponseCodec.java:200)
at org.openqa.selenium.remote.codec.w3c.W3CHttpResponseCodec.decode(W3CHttpResponseCodec.java:133)
at org.openqa.selenium.remote.codec.w3c.W3CHttpResponseCodec.decode(W3CHttpResponseCodec.java:52)
at org.openqa.selenium.remote.HttpCommandExecutor.execute(HttpCommandExecutor.java:191)
at org.openqa.selenium.remote.service.DriverCommandExecutor.invokeExecute(DriverCommandExecutor.java:196)
at org.openqa.selenium.remote.service.DriverCommandExecutor.execute(DriverCommandExecutor.java:171)
at org.openqa.selenium.remote.RemoteWebDriver.execute(RemoteWebDriver.java:602)
at org.openqa.selenium.remote.ElementLocation$ElementFinder$2.findElement(ElementLocation.java:165)
at org.openqa.selenium.remote.ElementLocation.findElement(ElementLocation.java:66)
at org.openqa.selenium.remote.RemoteWebDriver.findElement(RemoteWebDriver.java:359)
at org.openqa.selenium.remote.RemoteWebDriver.findElement(RemoteWebDriver.java:353)
at pages.LoginPage.login(LoginPage.java:24)
at testngsuite.HobbyClubTest.setUp(HobbyClubTest.java:43)
at java.base/java.util.ArrayList.forEach(ArrayList.java:1596)
... Removed 26 stack frames]]>
    </failure>
  </testcase> <!-- @BeforeClass setUp -->
  <testcase classname="testngsuite.HobbyClubTest" name="@AfterClass tearDown" time="0.0">
    <skipped/>
  </testcase> <!-- @AfterClass tearDown -->
  <testcase classname="testngsuite.HobbyClubTest" name="testVerifyClubListingAndDetailMatch" time="0.0">
    <skipped/>
  </testcase> <!-- testVerifyClubListingAndDetailMatch -->
  <testcase classname="testngsuite.HobbyClubTest" name="testPostBuzzInFirstClub" time="0.0">
    <skipped/>
  </testcase> <!-- testPostBuzzInFirstClub -->
  <testcase classname="testngsuite.HobbyClubTest" name="testPostAudioBuzz" time="0.0">
    <skipped/>
  </testcase> <!-- testPostAudioBuzz -->
  <testcase classname="testngsuite.HobbyClubTest" name="testPostVideoBuzz" time="0.0">
    <skipped/>
  </testcase> <!-- testPostVideoBuzz -->
  <testcase classname="testngsuite.HobbyClubTest" name="testPostBuzzAndClickLike" time="0.0">
    <skipped/>
  </testcase> <!-- testPostBuzzAndClickLike -->
  <testcase classname="testngsuite.HobbyClubTest" name="testPostBuzzAndComment" time="0.0">
    <skipped/>
  </testcase> <!-- testPostBuzzAndComment -->
  <testcase classname="testngsuite.HobbyClubTest" name="testCommentAndDeleteExistingPost" time="0.0">
    <skipped/>
  </testcase> <!-- testCommentAndDeleteExistingPost -->
  <testcase classname="testngsuite.HobbyClubTest" name="testDeleteBuzzPost" time="0.0">
    <skipped/>
  </testcase> <!-- testDeleteBuzzPost -->
  <testcase classname="testngsuite.HobbyClubTest" name="testVerifyMemberCounts" time="0.0">
    <skipped/>
  </testcase> <!-- testVerifyMemberCounts -->
  <testcase classname="testngsuite.HobbyClubTest" name="testSearchAndValidateLukeCooperCardVisible" time="0.0">
    <skipped/>
  </testcase> <!-- testSearchAndValidateLukeCooperCardVisible -->
  <testcase classname="testngsuite.HobbyClubTest" name="testJoinAndLeaveClub" time="0.002">
    <skipped/>
  </testcase> <!-- testJoinAndLeaveClub -->
</testsuite> <!-- All Hobby Club Tests -->
