<!DOCTYPE html>

<html>
  <head>
  <meta charset='utf-8'>
  <title>TestNG reports</title>

    <link type="text/css" href="testng-reports1.css" rel="stylesheet" id="ultra" />
    <link type="text/css" href="testng-reports.css" rel="stylesheet" id="retro" disabled="false"/>
    <script type="text/javascript" src="jquery-3.6.0.min.js"></script>
    <script type="text/javascript" src="testng-reports.js"></script>
    <script type="text/javascript" src="https://www.google.com/jsapi"></script>
    <script type='text/javascript'>
      google.load('visualization', '1', {packages:['table']});
      google.setOnLoadCallback(drawTable);
      var suiteTableInitFunctions = new Array();
      var suiteTableData = new Array();
    </script>
    <!--
      <script type="text/javascript" src="jquery-ui/js/jquery-ui-1.8.16.custom.min.js"></script>
     -->
  </head>

  <body>    <div class="top-banner-root">
      <span class="top-banner-title-font">Test results</span>
      <button id="button" class="button">Switch Retro Theme</button> <!-- button -->
      <br/>
      <span class="top-banner-font-1">1 suite, 5 failed tests</span>
    </div> <!-- top-banner-root -->
    <div class="navigator-root">
      <div class="navigator-suite-header">
        <span>All suites</span>
        <a href="#" title="Collapse/expand all the suites" class="collapse-all-link">
          <img src="collapseall.gif" class="collapse-all-icon">
          </img> <!-- collapse-all-icon -->
        </a> <!-- collapse-all-link -->
      </div> <!-- navigator-suite-header -->
      <div class="suite">
        <div class="rounded-window">
          <div class="suite-header light-rounded-window-top">
            <a href="#" panel-name="suite-Single_Test_Run_Suite" class="navigator-link">
              <span class="suite-name border-failed">Single Test Run Suite</span>
            </a> <!-- navigator-link -->
          </div> <!-- suite-header light-rounded-window-top -->
          <div class="navigator-suite-content">
            <div class="suite-section-title">
              <span>Info</span>
            </div> <!-- suite-section-title -->
            <div class="suite-section-content">
              <ul>
                <li>
                  <a href="#" panel-name="test-xml-Single_Test_Run_Suite" class="navigator-link ">
                    <span>C:\Users\Keshav Srivastava\eclipse-workspace\testing\testng.xml</span>
                  </a> <!-- navigator-link  -->
                </li>
                <li>
                  <a href="#" panel-name="testlist-Single_Test_Run_Suite" class="navigator-link ">
                    <span class="test-stats">1 test</span>
                  </a> <!-- navigator-link  -->
                </li>
                <li>
                  <a href="#" panel-name="group-Single_Test_Run_Suite" class="navigator-link ">
                    <span>0 groups</span>
                  </a> <!-- navigator-link  -->
                </li>
                <li>
                  <a href="#" panel-name="times-Single_Test_Run_Suite" class="navigator-link ">
                    <span>Times</span>
                  </a> <!-- navigator-link  -->
                </li>
                <li>
                  <a href="#" panel-name="reporter-Single_Test_Run_Suite" class="navigator-link ">
                    <span>Reporter output</span>
                  </a> <!-- navigator-link  -->
                </li>
                <li>
                  <a href="#" panel-name="ignored-methods-Single_Test_Run_Suite" class="navigator-link ">
                    <span>Ignored methods</span>
                  </a> <!-- navigator-link  -->
                </li>
                <li>
                  <a href="#" panel-name="chronological-Single_Test_Run_Suite" class="navigator-link ">
                    <span>Chronological view</span>
                  </a> <!-- navigator-link  -->
                </li>
              </ul>
            </div> <!-- suite-section-content -->
            <div class="result-section">
              <div class="suite-section-title">
                <span>Results</span>
              </div> <!-- suite-section-title -->
              <div class="suite-section-content">
                <ul>
                  <li>
                    <span class="method-stats">11 methods, 5 failed,   6 passed</span>
                  </li>
                  <li>
                    <span class="method-list-title failed">Failed methods</span>
                    <span class="show-or-hide-methods failed">
                      <a href="#" panel-name="suite-Single_Test_Run_Suite" class="hide-methods failed suite-Single_Test_Run_Suite"> (hide)</a> <!-- hide-methods failed suite-Single_Test_Run_Suite -->
                      <a href="#" panel-name="suite-Single_Test_Run_Suite" class="show-methods failed suite-Single_Test_Run_Suite"> (show)</a> <!-- show-methods failed suite-Single_Test_Run_Suite -->
                    </span>
                    <div class="method-list-content failed suite-Single_Test_Run_Suite">
                      <span>
                        <img src="failed.png" width="3%"/>
                        <a href="#" panel-name="suite-Single_Test_Run_Suite" title="testngsuite.HobbyClubTest" class="method navigator-link" hash-for-method="testCommentAndDeleteExistingPost">testCommentAndDeleteExistingPost</a> <!-- method navigator-link -->
                      </span>
                      <br/>
                      <span>
                        <img src="failed.png" width="3%"/>
                        <a href="#" panel-name="suite-Single_Test_Run_Suite" title="testngsuite.HobbyClubTest" class="method navigator-link" hash-for-method="testJoinAndLeaveClub">testJoinAndLeaveClub</a> <!-- method navigator-link -->
                      </span>
                      <br/>
                      <span>
                        <img src="failed.png" width="3%"/>
                        <a href="#" panel-name="suite-Single_Test_Run_Suite" title="testngsuite.HobbyClubTest" class="method navigator-link" hash-for-method="testPostAudioBuzz">testPostAudioBuzz</a> <!-- method navigator-link -->
                      </span>
                      <br/>
                      <span>
                        <img src="failed.png" width="3%"/>
                        <a href="#" panel-name="suite-Single_Test_Run_Suite" title="testngsuite.HobbyClubTest" class="method navigator-link" hash-for-method="testSearchAndValidateLukeCooperCardVisible">testSearchAndValidateLukeCooperCardVisible</a> <!-- method navigator-link -->
                      </span>
                      <br/>
                      <span>
                        <img src="failed.png" width="3%"/>
                        <a href="#" panel-name="suite-Single_Test_Run_Suite" title="testngsuite.HobbyClubTest" class="method navigator-link" hash-for-method="testVerifyMemberCounts">testVerifyMemberCounts</a> <!-- method navigator-link -->
                      </span>
                      <br/>
                    </div> <!-- method-list-content failed suite-Single_Test_Run_Suite -->
                  </li>
                  <li>
                    <span class="method-list-title passed">Passed methods</span>
                    <span class="show-or-hide-methods passed">
                      <a href="#" panel-name="suite-Single_Test_Run_Suite" class="hide-methods passed suite-Single_Test_Run_Suite"> (hide)</a> <!-- hide-methods passed suite-Single_Test_Run_Suite -->
                      <a href="#" panel-name="suite-Single_Test_Run_Suite" class="show-methods passed suite-Single_Test_Run_Suite"> (show)</a> <!-- show-methods passed suite-Single_Test_Run_Suite -->
                    </span>
                    <div class="method-list-content passed suite-Single_Test_Run_Suite">
                      <span>
                        <img src="passed.png" width="3%"/>
                        <a href="#" panel-name="suite-Single_Test_Run_Suite" title="testngsuite.HobbyClubTest" class="method navigator-link" hash-for-method="testDeleteBuzzPost">testDeleteBuzzPost</a> <!-- method navigator-link -->
                      </span>
                      <br/>
                      <span>
                        <img src="passed.png" width="3%"/>
                        <a href="#" panel-name="suite-Single_Test_Run_Suite" title="testngsuite.HobbyClubTest" class="method navigator-link" hash-for-method="testPostBuzzAndClickLike">testPostBuzzAndClickLike</a> <!-- method navigator-link -->
                      </span>
                      <br/>
                      <span>
                        <img src="passed.png" width="3%"/>
                        <a href="#" panel-name="suite-Single_Test_Run_Suite" title="testngsuite.HobbyClubTest" class="method navigator-link" hash-for-method="testPostBuzzAndComment">testPostBuzzAndComment</a> <!-- method navigator-link -->
                      </span>
                      <br/>
                      <span>
                        <img src="passed.png" width="3%"/>
                        <a href="#" panel-name="suite-Single_Test_Run_Suite" title="testngsuite.HobbyClubTest" class="method navigator-link" hash-for-method="testPostBuzzInFirstClub">testPostBuzzInFirstClub</a> <!-- method navigator-link -->
                      </span>
                      <br/>
                      <span>
                        <img src="passed.png" width="3%"/>
                        <a href="#" panel-name="suite-Single_Test_Run_Suite" title="testngsuite.HobbyClubTest" class="method navigator-link" hash-for-method="testPostVideoBuzz">testPostVideoBuzz</a> <!-- method navigator-link -->
                      </span>
                      <br/>
                      <span>
                        <img src="passed.png" width="3%"/>
                        <a href="#" panel-name="suite-Single_Test_Run_Suite" title="testngsuite.HobbyClubTest" class="method navigator-link" hash-for-method="testVerifyClubListingAndDetailMatch">testVerifyClubListingAndDetailMatch</a> <!-- method navigator-link -->
                      </span>
                      <br/>
                    </div> <!-- method-list-content passed suite-Single_Test_Run_Suite -->
                  </li>
                </ul>
              </div> <!-- suite-section-content -->
            </div> <!-- result-section -->
          </div> <!-- navigator-suite-content -->
        </div> <!-- rounded-window -->
      </div> <!-- suite -->
    </div> <!-- navigator-root -->
    <div class="wrapper">
      <div class="main-panel-root">
        <div panel-name="suite-Single_Test_Run_Suite" class="panel Single_Test_Run_Suite">
          <div class="suite-Single_Test_Run_Suite-class-failed">
            <div class="main-panel-header rounded-window-top">
              <img src="failed.png"/>
              <span class="class-name">testngsuite.HobbyClubTest</span>
            </div> <!-- main-panel-header rounded-window-top -->
            <div class="main-panel-content rounded-window-bottom">
              <div class="method">
                <div class="method-content">
                  <a name="testCommentAndDeleteExistingPost">
                  </a> <!-- testCommentAndDeleteExistingPost -->
                  <span class="method-name">testCommentAndDeleteExistingPost</span>
                  <div class="stack-trace">org.openqa.selenium.TimeoutException: Expected condition failed: waiting for presence of element located by: By.xpath: //span[@class=&apos;p3&apos; and text()=&apos;DeleteMe_1751353162194&apos;] (tried for 15 second(s) with 500 milliseconds interval)
	at org.openqa.selenium.support.ui.WebDriverWait.timeoutException(WebDriverWait.java:84)
	at org.openqa.selenium.support.ui.FluentWait.until(FluentWait.java:230)
	at pages.HobbyClubPage.commentAndDeleteOnExistingPost(HobbyClubPage.java:571)
	at testngsuite.HobbyClubTest.testCommentAndDeleteExistingPost(HobbyClubTest.java:170)
	at java.base/java.util.ArrayList.forEach(ArrayList.java:1596)
Caused by: org.openqa.selenium.NoSuchElementException: no such element: Unable to locate element: {&quot;method&quot;:&quot;xpath&quot;,&quot;selector&quot;:&quot;//span[@class=&apos;p3&apos; and text()=&apos;DeleteMe_1751353162194&apos;]&quot;}
  (Session info: chrome=137.0.7151.120)
For documentation on this error, please visit: https://www.selenium.dev/documentation/webdriver/troubleshooting/errors#no-such-element-exception
Build info: version: &apos;4.14.0&apos;, revision: &apos;e5a96349ce&apos;
System info: os.name: &apos;Windows 11&apos;, os.arch: &apos;amd64&apos;, os.version: &apos;10.0&apos;, java.version: &apos;21.0.7&apos;
Driver info: org.openqa.selenium.chrome.ChromeDriver
Command: [0d5f6752344e9fed217ba7bb93ac3321, findElement {using=xpath, value=//span[@class=&apos;p3&apos; and text()=&apos;DeleteMe_1751353162194&apos;]}]
Capabilities {acceptInsecureCerts: false, browserName: chrome, browserVersion: 137.0.7151.120, chrome: {chromedriverVersion: 137.0.7151.119 (e0ac9d12dff..., userDataDir: C:\Users\KESHAV~1\AppData\L...}, fedcm:accounts: true, goog:chromeOptions: {debuggerAddress: localhost:50407}, networkConnectionEnabled: false, pageLoadStrategy: normal, platformName: windows, proxy: Proxy(), se:cdp: ws://localhost:50407/devtoo..., se:cdpVersion: 137.0.7151.120, setWindowRect: true, strictFileInteractability: false, timeouts: {implicit: 0, pageLoad: 300000, script: 30000}, unhandledPromptBehavior: dismiss and notify, webauthn:extension:credBlob: true, webauthn:extension:largeBlob: true, webauthn:extension:minPinLength: true, webauthn:extension:prf: true, webauthn:virtualAuthenticators: true}
Session ID: 0d5f6752344e9fed217ba7bb93ac3321
	at org.openqa.selenium.remote.codec.w3c.W3CHttpResponseCodec.createException(W3CHttpResponseCodec.java:200)
	at org.openqa.selenium.remote.codec.w3c.W3CHttpResponseCodec.decode(W3CHttpResponseCodec.java:133)
	at org.openqa.selenium.remote.codec.w3c.W3CHttpResponseCodec.decode(W3CHttpResponseCodec.java:52)
	at org.openqa.selenium.remote.HttpCommandExecutor.execute(HttpCommandExecutor.java:191)
	at org.openqa.selenium.remote.service.DriverCommandExecutor.invokeExecute(DriverCommandExecutor.java:196)
	at org.openqa.selenium.remote.service.DriverCommandExecutor.execute(DriverCommandExecutor.java:171)
	at org.openqa.selenium.remote.RemoteWebDriver.execute(RemoteWebDriver.java:602)
	at org.openqa.selenium.remote.ElementLocation$ElementFinder$2.findElement(ElementLocation.java:165)
	at org.openqa.selenium.remote.ElementLocation.findElement(ElementLocation.java:59)
	at org.openqa.selenium.remote.RemoteWebDriver.findElement(RemoteWebDriver.java:359)
	at org.openqa.selenium.remote.RemoteWebDriver.findElement(RemoteWebDriver.java:353)
	at org.openqa.selenium.support.ui.ExpectedConditions$6.apply(ExpectedConditions.java:171)
	at org.openqa.selenium.support.ui.ExpectedConditions$6.apply(ExpectedConditions.java:168)
	at org.openqa.selenium.support.ui.FluentWait.until(FluentWait.java:205)
	... 28 more
... Removed 28 stack frames
</div> <!-- stack-trace -->
                </div> <!-- method-content -->
              </div> <!-- method -->
              <div class="method">
                <div class="method-content">
                  <a name="testJoinAndLeaveClub">
                  </a> <!-- testJoinAndLeaveClub -->
                  <span class="method-name">testJoinAndLeaveClub</span>
                  <div class="stack-trace">org.openqa.selenium.TimeoutException: Expected condition failed: waiting for presence of any elements located by By.xpath: //div[contains(@class,&apos;HobbyCardComponent_hobbyCard&apos;)] (tried for 15 second(s) with 500 milliseconds interval)
Build info: version: &apos;4.14.0&apos;, revision: &apos;e5a96349ce&apos;
System info: os.name: &apos;Windows 11&apos;, os.arch: &apos;amd64&apos;, os.version: &apos;10.0&apos;, java.version: &apos;21.0.7&apos;
Driver info: org.openqa.selenium.chrome.ChromeDriver
Capabilities {acceptInsecureCerts: false, browserName: chrome, browserVersion: 137.0.7151.120, chrome: {chromedriverVersion: 137.0.7151.119 (e0ac9d12dff..., userDataDir: C:\Users\KESHAV~1\AppData\L...}, fedcm:accounts: true, goog:chromeOptions: {debuggerAddress: localhost:50407}, networkConnectionEnabled: false, pageLoadStrategy: normal, platformName: windows, proxy: Proxy(), se:cdp: ws://localhost:50407/devtoo..., se:cdpVersion: 137.0.7151.120, setWindowRect: true, strictFileInteractability: false, timeouts: {implicit: 0, pageLoad: 300000, script: 30000}, unhandledPromptBehavior: dismiss and notify, webauthn:extension:credBlob: true, webauthn:extension:largeBlob: true, webauthn:extension:minPinLength: true, webauthn:extension:prf: true, webauthn:virtualAuthenticators: true}
Session ID: 0d5f6752344e9fed217ba7bb93ac3321
	at org.openqa.selenium.support.ui.WebDriverWait.timeoutException(WebDriverWait.java:84)
	at org.openqa.selenium.support.ui.FluentWait.until(FluentWait.java:230)
	at pages.HobbyClubPage.openFirstClub(HobbyClubPage.java:117)
	at testngsuite.HobbyClubTest.testJoinAndLeaveClub(HobbyClubTest.java:192)
	at java.base/java.util.ArrayList.forEach(ArrayList.java:1596)
... Removed 25 stack frames
</div> <!-- stack-trace -->
                </div> <!-- method-content -->
              </div> <!-- method -->
              <div class="method">
                <div class="method-content">
                  <a name="testPostAudioBuzz">
                  </a> <!-- testPostAudioBuzz -->
                  <span class="method-name">testPostAudioBuzz</span>
                  <div class="stack-trace">org.openqa.selenium.TimeoutException: Expected condition failed: waiting for presence of any elements located by By.xpath: //div[contains(@class,&apos;HobbyCardComponent_hobbyCard&apos;)] (tried for 15 second(s) with 500 milliseconds interval)
Build info: version: &apos;4.14.0&apos;, revision: &apos;e5a96349ce&apos;
System info: os.name: &apos;Windows 11&apos;, os.arch: &apos;amd64&apos;, os.version: &apos;10.0&apos;, java.version: &apos;21.0.7&apos;
Driver info: org.openqa.selenium.chrome.ChromeDriver
Capabilities {acceptInsecureCerts: false, browserName: chrome, browserVersion: 137.0.7151.120, chrome: {chromedriverVersion: 137.0.7151.119 (e0ac9d12dff..., userDataDir: C:\Users\KESHAV~1\AppData\L...}, fedcm:accounts: true, goog:chromeOptions: {debuggerAddress: localhost:50407}, networkConnectionEnabled: false, pageLoadStrategy: normal, platformName: windows, proxy: Proxy(), se:cdp: ws://localhost:50407/devtoo..., se:cdpVersion: 137.0.7151.120, setWindowRect: true, strictFileInteractability: false, timeouts: {implicit: 0, pageLoad: 300000, script: 30000}, unhandledPromptBehavior: dismiss and notify, webauthn:extension:credBlob: true, webauthn:extension:largeBlob: true, webauthn:extension:minPinLength: true, webauthn:extension:prf: true, webauthn:virtualAuthenticators: true}
Session ID: 0d5f6752344e9fed217ba7bb93ac3321
	at org.openqa.selenium.support.ui.WebDriverWait.timeoutException(WebDriverWait.java:84)
	at org.openqa.selenium.support.ui.FluentWait.until(FluentWait.java:230)
	at pages.HobbyClubPage.openFirstClub(HobbyClubPage.java:117)
	at testngsuite.HobbyClubTest.testPostAudioBuzz(HobbyClubTest.java:136)
	at java.base/java.util.ArrayList.forEach(ArrayList.java:1596)
... Removed 25 stack frames
</div> <!-- stack-trace -->
                </div> <!-- method-content -->
              </div> <!-- method -->
              <div class="method">
                <div class="method-content">
                  <a name="testSearchAndValidateLukeCooperCardVisible">
                  </a> <!-- testSearchAndValidateLukeCooperCardVisible -->
                  <span class="method-name">testSearchAndValidateLukeCooperCardVisible</span>
                  <div class="stack-trace">org.openqa.selenium.ElementClickInterceptedException: element click intercepted: Element is not clickable at point (423, -25)
  (Session info: chrome=137.0.7151.120)
Build info: version: &apos;4.14.0&apos;, revision: &apos;e5a96349ce&apos;
System info: os.name: &apos;Windows 11&apos;, os.arch: &apos;amd64&apos;, os.version: &apos;10.0&apos;, java.version: &apos;21.0.7&apos;
Driver info: org.openqa.selenium.chrome.ChromeDriver
Command: [0d5f6752344e9fed217ba7bb93ac3321, clickElement {id=f.439E15CB6A79FDCECD7E3FE2CADFF187.d.5547B37B71A695AE5481B5EA5961E552.e.556}]
Capabilities {acceptInsecureCerts: false, browserName: chrome, browserVersion: 137.0.7151.120, chrome: {chromedriverVersion: 137.0.7151.119 (e0ac9d12dff..., userDataDir: C:\Users\KESHAV~1\AppData\L...}, fedcm:accounts: true, goog:chromeOptions: {debuggerAddress: localhost:50407}, networkConnectionEnabled: false, pageLoadStrategy: normal, platformName: windows, proxy: Proxy(), se:cdp: ws://localhost:50407/devtoo..., se:cdpVersion: 137.0.7151.120, setWindowRect: true, strictFileInteractability: false, timeouts: {implicit: 0, pageLoad: 300000, script: 30000}, unhandledPromptBehavior: dismiss and notify, webauthn:extension:credBlob: true, webauthn:extension:largeBlob: true, webauthn:extension:minPinLength: true, webauthn:extension:prf: true, webauthn:virtualAuthenticators: true}
Element: [[ChromeDriver: chrome on windows (0d5f6752344e9fed217ba7bb93ac3321)] -&gt; id: Members]
Session ID: 0d5f6752344e9fed217ba7bb93ac3321
	at org.openqa.selenium.remote.codec.w3c.W3CHttpResponseCodec.createException(W3CHttpResponseCodec.java:200)
	at org.openqa.selenium.remote.codec.w3c.W3CHttpResponseCodec.decode(W3CHttpResponseCodec.java:133)
	at org.openqa.selenium.remote.codec.w3c.W3CHttpResponseCodec.decode(W3CHttpResponseCodec.java:52)
	at org.openqa.selenium.remote.HttpCommandExecutor.execute(HttpCommandExecutor.java:191)
	at org.openqa.selenium.remote.service.DriverCommandExecutor.invokeExecute(DriverCommandExecutor.java:196)
	at org.openqa.selenium.remote.service.DriverCommandExecutor.execute(DriverCommandExecutor.java:171)
	at org.openqa.selenium.remote.RemoteWebDriver.execute(RemoteWebDriver.java:602)
	at org.openqa.selenium.remote.RemoteWebElement.execute(RemoteWebElement.java:224)
	at org.openqa.selenium.remote.RemoteWebElement.click(RemoteWebElement.java:77)
	at pages.HobbyClubPage.verifyMemberCardVisible(HobbyClubPage.java:689)
	at testngsuite.HobbyClubTest.testSearchAndValidateLukeCooperCardVisible(HobbyClubTest.java:187)
	at java.base/java.util.ArrayList.forEach(ArrayList.java:1596)
... Removed 28 stack frames
</div> <!-- stack-trace -->
                </div> <!-- method-content -->
              </div> <!-- method -->
              <div class="method">
                <div class="method-content">
                  <a name="testVerifyMemberCounts">
                  </a> <!-- testVerifyMemberCounts -->
                  <span class="method-name">testVerifyMemberCounts</span>
                  <div class="stack-trace">org.openqa.selenium.ElementClickInterceptedException: element click intercepted: Element is not clickable at point (423, -42)
  (Session info: chrome=137.0.7151.120)
Build info: version: &apos;4.14.0&apos;, revision: &apos;e5a96349ce&apos;
System info: os.name: &apos;Windows 11&apos;, os.arch: &apos;amd64&apos;, os.version: &apos;10.0&apos;, java.version: &apos;21.0.7&apos;
Driver info: org.openqa.selenium.chrome.ChromeDriver
Command: [0d5f6752344e9fed217ba7bb93ac3321, clickElement {id=f.439E15CB6A79FDCECD7E3FE2CADFF187.d.5547B37B71A695AE5481B5EA5961E552.e.556}]
Capabilities {acceptInsecureCerts: false, browserName: chrome, browserVersion: 137.0.7151.120, chrome: {chromedriverVersion: 137.0.7151.119 (e0ac9d12dff..., userDataDir: C:\Users\KESHAV~1\AppData\L...}, fedcm:accounts: true, goog:chromeOptions: {debuggerAddress: localhost:50407}, networkConnectionEnabled: false, pageLoadStrategy: normal, platformName: windows, proxy: Proxy(), se:cdp: ws://localhost:50407/devtoo..., se:cdpVersion: 137.0.7151.120, setWindowRect: true, strictFileInteractability: false, timeouts: {implicit: 0, pageLoad: 300000, script: 30000}, unhandledPromptBehavior: dismiss and notify, webauthn:extension:credBlob: true, webauthn:extension:largeBlob: true, webauthn:extension:minPinLength: true, webauthn:extension:prf: true, webauthn:virtualAuthenticators: true}
Element: [[ChromeDriver: chrome on windows (0d5f6752344e9fed217ba7bb93ac3321)] -&gt; id: Members]
Session ID: 0d5f6752344e9fed217ba7bb93ac3321
	at org.openqa.selenium.remote.codec.w3c.W3CHttpResponseCodec.createException(W3CHttpResponseCodec.java:200)
	at org.openqa.selenium.remote.codec.w3c.W3CHttpResponseCodec.decode(W3CHttpResponseCodec.java:133)
	at org.openqa.selenium.remote.codec.w3c.W3CHttpResponseCodec.decode(W3CHttpResponseCodec.java:52)
	at org.openqa.selenium.remote.HttpCommandExecutor.execute(HttpCommandExecutor.java:191)
	at org.openqa.selenium.remote.service.DriverCommandExecutor.invokeExecute(DriverCommandExecutor.java:196)
	at org.openqa.selenium.remote.service.DriverCommandExecutor.execute(DriverCommandExecutor.java:171)
	at org.openqa.selenium.remote.RemoteWebDriver.execute(RemoteWebDriver.java:602)
	at org.openqa.selenium.remote.RemoteWebElement.execute(RemoteWebElement.java:224)
	at org.openqa.selenium.remote.RemoteWebElement.click(RemoteWebElement.java:77)
	at pages.HobbyClubPage.verifyMemberCountsMatch(HobbyClubPage.java:660)
	at testngsuite.HobbyClubTest.testVerifyMemberCounts(HobbyClubTest.java:182)
	at java.base/java.util.ArrayList.forEach(ArrayList.java:1596)
... Removed 28 stack frames
</div> <!-- stack-trace -->
                </div> <!-- method-content -->
              </div> <!-- method -->
            </div> <!-- main-panel-content rounded-window-bottom -->
          </div> <!-- suite-Single_Test_Run_Suite-class-failed -->
          <div class="suite-Single_Test_Run_Suite-class-passed">
            <div class="main-panel-header rounded-window-top">
              <img src="passed.png"/>
              <span class="class-name">testngsuite.HobbyClubTest</span>
            </div> <!-- main-panel-header rounded-window-top -->
            <div class="main-panel-content rounded-window-bottom">
              <div class="method">
                <div class="method-content">
                  <a name="testDeleteBuzzPost">
                  </a> <!-- testDeleteBuzzPost -->
                  <span class="method-name">testDeleteBuzzPost</span>
                </div> <!-- method-content -->
              </div> <!-- method -->
              <div class="method">
                <div class="method-content">
                  <a name="testPostBuzzAndClickLike">
                  </a> <!-- testPostBuzzAndClickLike -->
                  <span class="method-name">testPostBuzzAndClickLike</span>
                </div> <!-- method-content -->
              </div> <!-- method -->
              <div class="method">
                <div class="method-content">
                  <a name="testPostBuzzAndComment">
                  </a> <!-- testPostBuzzAndComment -->
                  <span class="method-name">testPostBuzzAndComment</span>
                </div> <!-- method-content -->
              </div> <!-- method -->
              <div class="method">
                <div class="method-content">
                  <a name="testPostBuzzInFirstClub">
                  </a> <!-- testPostBuzzInFirstClub -->
                  <span class="method-name">testPostBuzzInFirstClub</span>
                </div> <!-- method-content -->
              </div> <!-- method -->
              <div class="method">
                <div class="method-content">
                  <a name="testPostVideoBuzz">
                  </a> <!-- testPostVideoBuzz -->
                  <span class="method-name">testPostVideoBuzz</span>
                </div> <!-- method-content -->
              </div> <!-- method -->
              <div class="method">
                <div class="method-content">
                  <a name="testVerifyClubListingAndDetailMatch">
                  </a> <!-- testVerifyClubListingAndDetailMatch -->
                  <span class="method-name">testVerifyClubListingAndDetailMatch</span>
                </div> <!-- method-content -->
              </div> <!-- method -->
            </div> <!-- main-panel-content rounded-window-bottom -->
          </div> <!-- suite-Single_Test_Run_Suite-class-passed -->
        </div> <!-- panel Single_Test_Run_Suite -->
        <div panel-name="test-xml-Single_Test_Run_Suite" class="panel">
          <div class="main-panel-header rounded-window-top">
            <span class="header-content">C:\Users\Keshav Srivastava\eclipse-workspace\testing\testng.xml</span>
          </div> <!-- main-panel-header rounded-window-top -->
          <div class="main-panel-content rounded-window-bottom">
            <pre>
&lt;?xml version=&quot;1.0&quot; encoding=&quot;UTF-8&quot;?&gt;
&lt;!DOCTYPE suite SYSTEM &quot;https://testng.org/testng-1.0.dtd&quot;&gt;
&lt;suite name=&quot;Single Test Run Suite&quot; guice-stage=&quot;DEVELOPMENT&quot;&gt;
  &lt;parameter name=&quot;suiteMode&quot; value=&quot;local&quot;/&gt;
  &lt;test thread-count=&quot;5&quot; name=&quot;Run All Tests&quot;&gt;
    &lt;classes&gt;
      &lt;class name=&quot;testngsuite.HobbyClubTest&quot;/&gt;
    &lt;/classes&gt;
  &lt;/test&gt; &lt;!-- Run All Tests --&gt;
&lt;/suite&gt; &lt;!-- Single Test Run Suite --&gt;
            </pre>
          </div> <!-- main-panel-content rounded-window-bottom -->
        </div> <!-- panel -->
        <div panel-name="testlist-Single_Test_Run_Suite" class="panel">
          <div class="main-panel-header rounded-window-top">
            <span class="header-content">Tests for Single Test Run Suite</span>
          </div> <!-- main-panel-header rounded-window-top -->
          <div class="main-panel-content rounded-window-bottom">
            <ul>
              <li>
                <span class="test-name">Run All Tests (1 class)</span>
              </li>
            </ul>
          </div> <!-- main-panel-content rounded-window-bottom -->
        </div> <!-- panel -->
        <div panel-name="group-Single_Test_Run_Suite" class="panel">
          <div class="main-panel-header rounded-window-top">
            <span class="header-content">Groups for Single Test Run Suite</span>
          </div> <!-- main-panel-header rounded-window-top -->
          <div class="main-panel-content rounded-window-bottom">
          </div> <!-- main-panel-content rounded-window-bottom -->
        </div> <!-- panel -->
        <div panel-name="times-Single_Test_Run_Suite" class="panel">
          <div class="main-panel-header rounded-window-top">
            <span class="header-content">Times for Single Test Run Suite</span>
          </div> <!-- main-panel-header rounded-window-top -->
          <div class="main-panel-content rounded-window-bottom">
            <div class="times-div">
              <script type="text/javascript">
suiteTableInitFunctions.push('tableData_Single_Test_Run_Suite');
function tableData_Single_Test_Run_Suite() {
var data = new google.visualization.DataTable();
data.addColumn('number', 'Number');
data.addColumn('string', 'Method');
data.addColumn('string', 'Class');
data.addColumn('number', 'Time (ms)');
data.addRows(11);
data.setCell(0, 0, 0)
data.setCell(0, 1, 'testVerifyClubListingAndDetailMatch')
data.setCell(0, 2, 'testngsuite.HobbyClubTest')
data.setCell(0, 3, 68217);
data.setCell(1, 0, 1)
data.setCell(1, 1, 'testCommentAndDeleteExistingPost')
data.setCell(1, 2, 'testngsuite.HobbyClubTest')
data.setCell(1, 3, 26737);
data.setCell(2, 0, 2)
data.setCell(2, 1, 'testPostAudioBuzz')
data.setCell(2, 2, 'testngsuite.HobbyClubTest')
data.setCell(2, 3, 20635);
data.setCell(3, 0, 3)
data.setCell(3, 1, 'testJoinAndLeaveClub')
data.setCell(3, 2, 'testngsuite.HobbyClubTest')
data.setCell(3, 3, 20597);
data.setCell(4, 0, 4)
data.setCell(4, 1, 'testDeleteBuzzPost')
data.setCell(4, 2, 'testngsuite.HobbyClubTest')
data.setCell(4, 3, 7789);
data.setCell(5, 0, 5)
data.setCell(5, 1, 'testPostVideoBuzz')
data.setCell(5, 2, 'testngsuite.HobbyClubTest')
data.setCell(5, 3, 7402);
data.setCell(6, 0, 6)
data.setCell(6, 1, 'testPostBuzzInFirstClub')
data.setCell(6, 2, 'testngsuite.HobbyClubTest')
data.setCell(6, 3, 6809);
data.setCell(7, 0, 7)
data.setCell(7, 1, 'testPostBuzzAndComment')
data.setCell(7, 2, 'testngsuite.HobbyClubTest')
data.setCell(7, 3, 5940);
data.setCell(8, 0, 8)
data.setCell(8, 1, 'testPostBuzzAndClickLike')
data.setCell(8, 2, 'testngsuite.HobbyClubTest')
data.setCell(8, 3, 5043);
data.setCell(9, 0, 9)
data.setCell(9, 1, 'testVerifyMemberCounts')
data.setCell(9, 2, 'testngsuite.HobbyClubTest')
data.setCell(9, 3, 1255);
data.setCell(10, 0, 10)
data.setCell(10, 1, 'testSearchAndValidateLukeCooperCardVisible')
data.setCell(10, 2, 'testngsuite.HobbyClubTest')
data.setCell(10, 3, 1134);
window.suiteTableData['Single_Test_Run_Suite']= { tableData: data, tableDiv: 'times-div-Single_Test_Run_Suite'}
return data;
}
              </script>
              <span class="suite-total-time">Total running time: 2 minutes</span>
              <div id="times-div-Single_Test_Run_Suite">
              </div> <!-- times-div-Single_Test_Run_Suite -->
            </div> <!-- times-div -->
          </div> <!-- main-panel-content rounded-window-bottom -->
        </div> <!-- panel -->
        <div panel-name="reporter-Single_Test_Run_Suite" class="panel">
          <div class="main-panel-header rounded-window-top">
            <span class="header-content">Reporter output for Single Test Run Suite</span>
          </div> <!-- main-panel-header rounded-window-top -->
          <div class="main-panel-content rounded-window-bottom">
          </div> <!-- main-panel-content rounded-window-bottom -->
        </div> <!-- panel -->
        <div panel-name="ignored-methods-Single_Test_Run_Suite" class="panel">
          <div class="main-panel-header rounded-window-top">
            <span class="header-content">0 ignored methods</span>
          </div> <!-- main-panel-header rounded-window-top -->
          <div class="main-panel-content rounded-window-bottom">
          </div> <!-- main-panel-content rounded-window-bottom -->
        </div> <!-- panel -->
        <div panel-name="chronological-Single_Test_Run_Suite" class="panel">
          <div class="main-panel-header rounded-window-top">
            <span class="header-content">Methods in chronological order</span>
          </div> <!-- main-panel-header rounded-window-top -->
          <div class="main-panel-content rounded-window-bottom">
            <div class="chronological-class">
              <div class="chronological-class-name">testngsuite.HobbyClubTest</div> <!-- chronological-class-name -->
              <div class="configuration-class before">
                <span class="method-name">setUp(local)</span>
                <span class="method-start">0 ms</span>
              </div> <!-- configuration-class before -->
              <div class="test-method">
                <span class="method-name">testVerifyClubListingAndDetailMatch</span>
                <span class="method-start">13289 ms</span>
              </div> <!-- test-method -->
              <div class="configuration-method after">
                <span class="method-name">updateLambdaStatus([TestResult name=testVerifyClubListingAndDetailMatch status=SUCCESS method=HobbyClubTest.testVerifyC...)</span>
                <span class="method-start">81518 ms</span>
              </div> <!-- configuration-method after -->
              <div class="test-method">
                <span class="method-name">testPostBuzzInFirstClub</span>
                <span class="method-start">81534 ms</span>
              </div> <!-- test-method -->
              <div class="configuration-method after">
                <span class="method-name">updateLambdaStatus([TestResult name=testPostBuzzInFirstClub status=SUCCESS method=HobbyClubTest.testPostBuzzInFirstClub...)</span>
                <span class="method-start">88348 ms</span>
              </div> <!-- configuration-method after -->
              <div class="test-method">
                <img src="failed.png">
                </img>
                <span class="method-name">testPostAudioBuzz</span>
                <span class="method-start">88351 ms</span>
              </div> <!-- test-method -->
              <div class="configuration-method after">
                <span class="method-name">updateLambdaStatus([TestResult name=testPostAudioBuzz status=FAILURE method=HobbyClubTest.testPostAudioBuzz()[pri:3, in...)</span>
                <span class="method-start">109004 ms</span>
              </div> <!-- configuration-method after -->
              <div class="test-method">
                <span class="method-name">testPostVideoBuzz</span>
                <span class="method-start">109007 ms</span>
              </div> <!-- test-method -->
              <div class="configuration-method after">
                <span class="method-name">updateLambdaStatus([TestResult name=testPostVideoBuzz status=SUCCESS method=HobbyClubTest.testPostVideoBuzz()[pri:4, in...)</span>
                <span class="method-start">116413 ms</span>
              </div> <!-- configuration-method after -->
              <div class="test-method">
                <span class="method-name">testPostBuzzAndClickLike</span>
                <span class="method-start">116415 ms</span>
              </div> <!-- test-method -->
              <div class="configuration-method after">
                <span class="method-name">updateLambdaStatus([TestResult name=testPostBuzzAndClickLike status=SUCCESS method=HobbyClubTest.testPostBuzzAndClickLi...)</span>
                <span class="method-start">121464 ms</span>
              </div> <!-- configuration-method after -->
              <div class="test-method">
                <span class="method-name">testPostBuzzAndComment</span>
                <span class="method-start">121468 ms</span>
              </div> <!-- test-method -->
              <div class="configuration-method after">
                <span class="method-name">updateLambdaStatus([TestResult name=testPostBuzzAndComment status=SUCCESS method=HobbyClubTest.testPostBuzzAndComment()...)</span>
                <span class="method-start">127419 ms</span>
              </div> <!-- configuration-method after -->
              <div class="test-method">
                <img src="failed.png">
                </img>
                <span class="method-name">testCommentAndDeleteExistingPost</span>
                <span class="method-start">127437 ms</span>
              </div> <!-- test-method -->
              <div class="configuration-method after">
                <span class="method-name">updateLambdaStatus([TestResult name=testCommentAndDeleteExistingPost status=FAILURE method=HobbyClubTest.testCommentAnd...)</span>
                <span class="method-start">154177 ms</span>
              </div> <!-- configuration-method after -->
              <div class="test-method">
                <span class="method-name">testDeleteBuzzPost</span>
                <span class="method-start">154181 ms</span>
              </div> <!-- test-method -->
              <div class="configuration-method after">
                <span class="method-name">updateLambdaStatus([TestResult name=testDeleteBuzzPost status=SUCCESS method=HobbyClubTest.testDeleteBuzzPost()[pri:8, ...)</span>
                <span class="method-start">161994 ms</span>
              </div> <!-- configuration-method after -->
              <div class="test-method">
                <img src="failed.png">
                </img>
                <span class="method-name">testVerifyMemberCounts</span>
                <span class="method-start">161995 ms</span>
              </div> <!-- test-method -->
              <div class="configuration-method after">
                <span class="method-name">updateLambdaStatus([TestResult name=testVerifyMemberCounts status=FAILURE method=HobbyClubTest.testVerifyMemberCounts()...)</span>
                <span class="method-start">163266 ms</span>
              </div> <!-- configuration-method after -->
              <div class="test-method">
                <img src="failed.png">
                </img>
                <span class="method-name">testSearchAndValidateLukeCooperCardVisible</span>
                <span class="method-start">163270 ms</span>
              </div> <!-- test-method -->
              <div class="configuration-method after">
                <span class="method-name">updateLambdaStatus([TestResult name=testSearchAndValidateLukeCooperCardVisible status=FAILURE method=HobbyClubTest.test...)</span>
                <span class="method-start">164414 ms</span>
              </div> <!-- configuration-method after -->
              <div class="test-method">
                <img src="failed.png">
                </img>
                <span class="method-name">testJoinAndLeaveClub</span>
                <span class="method-start">164418 ms</span>
              </div> <!-- test-method -->
              <div class="configuration-method after">
                <span class="method-name">updateLambdaStatus([TestResult name=testJoinAndLeaveClub status=FAILURE method=HobbyClubTest.testJoinAndLeaveClub()[pri...)</span>
                <span class="method-start">185017 ms</span>
              </div> <!-- configuration-method after -->
              <div class="configuration-class after">
                <span class="method-name">tearDown</span>
                <span class="method-start">185019 ms</span>
              </div> <!-- configuration-class after -->
          </div> <!-- main-panel-content rounded-window-bottom -->
        </div> <!-- panel -->
      </div> <!-- main-panel-root -->
    </div> <!-- wrapper -->
  </body>
<script type="text/javascript" src="testng-reports2.js"></script>
</html>
